This is pdfTeX, Version 3.14159265-2.6-1.40.21 (TeX Live 2020/W32TeX) (preloaded format=pdflatex 2020.6.30)  13 SEP 2020 13:35
entering extended mode
 restricted \write18 enabled.
 %&-line parsing enabled.
**CapstoneReport.tex
(./CapstoneReport.tex
LaTeX2e <2020-02-02> patch level 5
L3 programming layer <2020-06-18>
(c:/texlive/2020/texmf-dist/tex/latex/base/article.cls
Document Class: article 2019/12/20 v1.4l Standard LaTeX document class
(c:/texlive/2020/texmf-dist/tex/latex/base/size10.clo
File: size10.clo 2019/12/20 v1.4l Standard LaTeX file (size option)
)
\c@part=\count167
\c@section=\count168
\c@subsection=\count169
\c@subsubsection=\count170
\c@paragraph=\count171
\c@subparagraph=\count172
\c@figure=\count173
\c@table=\count174
\abovecaptionskip=\skip47
\belowcaptionskip=\skip48
\bibindent=\dimen134
)
(c:/texlive/2020/texmf-dist/tex/latex/hyperref/hyperref.sty
Package: hyperref 2020-05-15 v7.00e Hypertext links for LaTeX

(c:/texlive/2020/texmf-dist/tex/generic/ltxcmds/ltxcmds.sty
Package: ltxcmds 2019/12/15 v1.24 LaTeX kernel commands for general use (HO)
)
(c:/texlive/2020/texmf-dist/tex/generic/iftex/iftex.sty
Package: iftex 2020/03/06 v1.0d TeX engine tests
)
(c:/texlive/2020/texmf-dist/tex/generic/pdftexcmds/pdftexcmds.sty
Package: pdftexcmds 2020-06-27 v0.33 Utility functions of pdfTeX for LuaTeX (HO
)

(c:/texlive/2020/texmf-dist/tex/generic/infwarerr/infwarerr.sty
Package: infwarerr 2019/12/03 v1.5 Providing info/warning/error messages (HO)
)
Package pdftexcmds Info: \pdf@primitive is available.
Package pdftexcmds Info: \pdf@ifprimitive is available.
Package pdftexcmds Info: \pdfdraftmode found.
)
(c:/texlive/2020/texmf-dist/tex/latex/graphics/keyval.sty
Package: keyval 2014/10/28 v1.15 key=value parser (DPC)
\KV@toks@=\toks15
)
(c:/texlive/2020/texmf-dist/tex/generic/kvsetkeys/kvsetkeys.sty
Package: kvsetkeys 2019/12/15 v1.18 Key value parser (HO)
)
(c:/texlive/2020/texmf-dist/tex/generic/kvdefinekeys/kvdefinekeys.sty
Package: kvdefinekeys 2019-12-19 v1.6 Define keys (HO)
)
(c:/texlive/2020/texmf-dist/tex/generic/pdfescape/pdfescape.sty
Package: pdfescape 2019/12/09 v1.15 Implements pdfTeX's escape features (HO)
)
(c:/texlive/2020/texmf-dist/tex/latex/hycolor/hycolor.sty
Package: hycolor 2020-01-27 v1.10 Color options for hyperref/bookmark (HO)
)
(c:/texlive/2020/texmf-dist/tex/latex/letltxmacro/letltxmacro.sty
Package: letltxmacro 2019/12/03 v1.6 Let assignment for LaTeX macros (HO)
)
(c:/texlive/2020/texmf-dist/tex/latex/auxhook/auxhook.sty
Package: auxhook 2019-12-17 v1.6 Hooks for auxiliary files (HO)
)
(c:/texlive/2020/texmf-dist/tex/latex/kvoptions/kvoptions.sty
Package: kvoptions 2019/11/29 v3.13 Key value format for package options (HO)
)
\@linkdim=\dimen135
\Hy@linkcounter=\count175
\Hy@pagecounter=\count176

(c:/texlive/2020/texmf-dist/tex/latex/hyperref/pd1enc.def
File: pd1enc.def 2020-05-15 v7.00e Hyperref: PDFDocEncoding definition (HO)
Now handling font encoding PD1 ...
... no UTF-8 mapping file for font encoding PD1
)
(c:/texlive/2020/texmf-dist/tex/generic/intcalc/intcalc.sty
Package: intcalc 2019/12/15 v1.3 Expandable calculations with integers (HO)
)
(c:/texlive/2020/texmf-dist/tex/generic/etexcmds/etexcmds.sty
Package: etexcmds 2019/12/15 v1.7 Avoid name clashes with e-TeX commands (HO)
)
\Hy@SavedSpaceFactor=\count177
Package hyperref Info: Hyper figures OFF on input line 4464.
Package hyperref Info: Link nesting OFF on input line 4469.
Package hyperref Info: Hyper index ON on input line 4472.
Package hyperref Info: Plain pages OFF on input line 4479.
Package hyperref Info: Backreferencing OFF on input line 4484.
Package hyperref Info: Implicit mode ON; LaTeX internals redefined.
Package hyperref Info: Bookmarks ON on input line 4717.
\c@Hy@tempcnt=\count178

(c:/texlive/2020/texmf-dist/tex/latex/url/url.sty
\Urlmuskip=\muskip16
Package: url 2013/09/16  ver 3.4  Verb mode for urls, etc.
)
LaTeX Info: Redefining \url on input line 5076.
\XeTeXLinkMargin=\dimen136

(c:/texlive/2020/texmf-dist/tex/generic/bitset/bitset.sty
Package: bitset 2019/12/09 v1.3 Handle bit-vector datatype (HO)

(c:/texlive/2020/texmf-dist/tex/generic/bigintcalc/bigintcalc.sty
Package: bigintcalc 2019/12/15 v1.5 Expandable calculations on big integers (HO
)
))
\Fld@menulength=\count179
\Field@Width=\dimen137
\Fld@charsize=\dimen138
Package hyperref Info: Hyper figures OFF on input line 6347.
Package hyperref Info: Link nesting OFF on input line 6352.
Package hyperref Info: Hyper index ON on input line 6355.
Package hyperref Info: backreferencing OFF on input line 6362.
Package hyperref Info: Link coloring OFF on input line 6367.
Package hyperref Info: Link coloring with OCG OFF on input line 6372.
Package hyperref Info: PDF/A mode OFF on input line 6377.
LaTeX Info: Redefining \ref on input line 6417.
LaTeX Info: Redefining \pageref on input line 6421.

(c:/texlive/2020/texmf-dist/tex/generic/atbegshi/atbegshi.sty
Package: atbegshi 2019/12/05 v1.19 At begin shipout hook (HO)
)
\Hy@abspage=\count180
\c@Item=\count181
\c@Hfootnote=\count182
)
Package hyperref Info: Driver (autodetected): hpdftex.

(c:/texlive/2020/texmf-dist/tex/latex/hyperref/hpdftex.def
File: hpdftex.def 2020-05-15 v7.00e Hyperref driver for pdfTeX

(c:/texlive/2020/texmf-dist/tex/latex/atveryend/atveryend.sty
Package: atveryend 2019-12-11 v1.11 Hooks at the very end of document (HO)
Package atveryend Info: \enddocument detected (standard20110627).
)
\Fld@listcount=\count183
\c@bookmark@seq@number=\count184

(c:/texlive/2020/texmf-dist/tex/latex/rerunfilecheck/rerunfilecheck.sty
Package: rerunfilecheck 2019/12/05 v1.9 Rerun checks for auxiliary files (HO)

(c:/texlive/2020/texmf-dist/tex/generic/uniquecounter/uniquecounter.sty
Package: uniquecounter 2019/12/15 v1.4 Provide unlimited unique counter (HO)
)
Package uniquecounter Info: New unique counter `rerunfilecheck' on input line 2
86.
)
\Hy@SectionHShift=\skip49
)
(c:/texlive/2020/texmf-dist/tex/latex/float/float.sty
Package: float 2001/11/08 v1.3d Float enhancements (AL)
\c@float@type=\count185
\float@exts=\toks16
\float@box=\box45
\@float@everytoks=\toks17
\@floatcapt=\box46
)
(c:/texlive/2020/texmf-dist/tex/latex/graphics/graphicx.sty
Package: graphicx 2019/11/30 v1.2a Enhanced LaTeX Graphics (DPC,SPQR)

(c:/texlive/2020/texmf-dist/tex/latex/graphics/graphics.sty
Package: graphics 2019/11/30 v1.4a Standard LaTeX Graphics (DPC,SPQR)

(c:/texlive/2020/texmf-dist/tex/latex/graphics/trig.sty
Package: trig 2016/01/03 v1.10 sin cos tan (DPC)
)
(c:/texlive/2020/texmf-dist/tex/latex/graphics-cfg/graphics.cfg
File: graphics.cfg 2016/06/04 v1.11 sample graphics configuration
)
Package graphics Info: Driver file: pdftex.def on input line 105.

(c:/texlive/2020/texmf-dist/tex/latex/graphics-def/pdftex.def
File: pdftex.def 2018/01/08 v1.0l Graphics/color driver for pdftex
))
\Gin@req@height=\dimen139
\Gin@req@width=\dimen140
)
(c:/texlive/2020/texmf-dist/tex/latex/l3backend/l3backend-pdfmode.def
File: l3backend-pdfmode.def 2020-06-23 L3 backend support: PDF mode
\l__kernel_color_stack_int=\count186
\l__pdf_internal_box=\box47
)
(./CapstoneReport.aux)
\openout1 = `CapstoneReport.aux'.

LaTeX Font Info:    Checking defaults for OML/cmm/m/it on input line 6.
LaTeX Font Info:    ... okay on input line 6.
LaTeX Font Info:    Checking defaults for OMS/cmsy/m/n on input line 6.
LaTeX Font Info:    ... okay on input line 6.
LaTeX Font Info:    Checking defaults for OT1/cmr/m/n on input line 6.
LaTeX Font Info:    ... okay on input line 6.
LaTeX Font Info:    Checking defaults for T1/cmr/m/n on input line 6.
LaTeX Font Info:    ... okay on input line 6.
LaTeX Font Info:    Checking defaults for TS1/cmr/m/n on input line 6.
LaTeX Font Info:    ... okay on input line 6.
LaTeX Font Info:    Checking defaults for OMX/cmex/m/n on input line 6.
LaTeX Font Info:    ... okay on input line 6.
LaTeX Font Info:    Checking defaults for U/cmr/m/n on input line 6.
LaTeX Font Info:    ... okay on input line 6.
LaTeX Font Info:    Checking defaults for PD1/pdf/m/n on input line 6.
LaTeX Font Info:    ... okay on input line 6.
\AtBeginShipoutBox=\box48
Package hyperref Info: Link coloring OFF on input line 6.

(c:/texlive/2020/texmf-dist/tex/latex/hyperref/nameref.sty
Package: nameref 2019/09/16 v2.46 Cross-referencing by name of section

(c:/texlive/2020/texmf-dist/tex/latex/refcount/refcount.sty
Package: refcount 2019/12/15 v3.6 Data extraction from label references (HO)
)
(c:/texlive/2020/texmf-dist/tex/generic/gettitlestring/gettitlestring.sty
Package: gettitlestring 2019/12/15 v1.6 Cleanup title references (HO)
)
\c@section@level=\count187
)
LaTeX Info: Redefining \ref on input line 6.
LaTeX Info: Redefining \pageref on input line 6.
LaTeX Info: Redefining \nameref on input line 6.

(./CapstoneReport.out) (./CapstoneReport.out)
\@outlinefile=\write3
\openout3 = `CapstoneReport.out'.


(c:/texlive/2020/texmf-dist/tex/context/base/mkii/supp-pdf.mkii
[Loading MPS to PDF converter (version 2006.09.02).]
\scratchcounter=\count188
\scratchdimen=\dimen141
\scratchbox=\box49
\nofMPsegments=\count189
\nofMParguments=\count190
\everyMPshowfont=\toks18
\MPscratchCnt=\count191
\MPscratchDim=\dimen142
\MPnumerator=\count192
\makeMPintoPDFobject=\count193
\everyMPtoPDFconversion=\toks19
) (c:/texlive/2020/texmf-dist/tex/latex/epstopdf-pkg/epstopdf-base.sty
Package: epstopdf-base 2020-01-24 v2.11 Base part for package epstopdf
Package epstopdf-base Info: Redefining graphics rule for `.eps' on input line 4
85.

(c:/texlive/2020/texmf-dist/tex/latex/latexconfig/epstopdf-sys.cfg
File: epstopdf-sys.cfg 2010/07/13 v1.3 Configuration of (r)epstopdf for TeX Liv
e
))
LaTeX Font Info:    External font `cmex10' loaded for size
(Font)              <12> on input line 12.
LaTeX Font Info:    External font `cmex10' loaded for size
(Font)              <8> on input line 12.
LaTeX Font Info:    External font `cmex10' loaded for size
(Font)              <6> on input line 12.
LaTeX Font Info:    External font `cmex10' loaded for size
(Font)              <7> on input line 19.
LaTeX Font Info:    External font `cmex10' loaded for size
(Font)              <5> on input line 19.
 [1

{c:/texlive/2020/texmf-var/fonts/map/pdftex/updmap/pdftex.map}]
<./images/weather.png, id=85, 418.56375pt x 359.3425pt>
File: ./images/weather.png Graphic file (type png)
<use ./images/weather.png>
Package pdftex.def Info: ./images/weather.png  used on input line 94.
(pdftex.def)             Requested size: 167.42252pt x 143.73445pt.
<./images/roadcond.png, id=87, 418.56375pt x 326.21875pt>
File: ./images/roadcond.png Graphic file (type png)
<use ./images/roadcond.png>
Package pdftex.def Info: ./images/roadcond.png  used on input line 100.
(pdftex.def)             Requested size: 167.42252pt x 130.48518pt.
 [2pdfTeX warning (ext4): destination with the same identifier (name{figure.1})
 has been already used, duplicate ignored

\AtBegShi@Output ...ipout \box \AtBeginShipoutBox 
                                                  \fi \fi 
l.103 
       <./images/weather.png>] [3pdfTeX warning (ext4): destination with the sa
me identifier (name{table.1}) has been already used, duplicate ignored

\AtBegShi@Output ...ipout \box \AtBeginShipoutBox 
                                                  \fi \fi 
l.103 
      ]
<./images/lightcond.png, id=100, 423.5825pt x 363.3575pt>
File: ./images/lightcond.png Graphic file (type png)
<use ./images/lightcond.png>
Package pdftex.def Info: ./images/lightcond.png  used on input line 106.
(pdftex.def)             Requested size: 169.43pt x 145.34041pt.
<./images/underinfl.png, id=101, 418.56375pt x 269.005pt>
File: ./images/underinfl.png Graphic file (type png)
<use ./images/underinfl.png>
Package pdftex.def Info: ./images/underinfl.png  used on input line 112.
(pdftex.def)             Requested size: 167.42252pt x 107.60008pt.
<./images/vehperson.png, id=102, 390.45876pt x 269.005pt>
File: ./images/vehperson.png Graphic file (type png)
<use ./images/vehperson.png>
Package pdftex.def Info: ./images/vehperson.png  used on input line 120.
(pdftex.def)             Requested size: 156.18073pt x 107.60008pt.
 [4pdfTeX warning (ext4): destination with the same identifier (name{figure.2})
 has been already used, duplicate ignored

\AtBegShi@Output ...ipout \box \AtBeginShipoutBox 
                                                  \fi \fi 
l.123 
      pdfTeX warning (ext4): destination with the same identifier (name{figure.
3}) has been already used, duplicate ignored

\AtBegShi@Output ...ipout \box \AtBeginShipoutBox 
                                                  \fi \fi 
l.123 
      pdfTeX warning (ext4): destination with the same identifier (name{figure.
4}) has been already used, duplicate ignored

\AtBegShi@Output ...ipout \box \AtBeginShipoutBox 
                                                  \fi \fi 
l.123 
       <./images/roadcond.png> <./images/lightcond.png> <./images/underinfl.png
>]
<./images/vehinjuries.png, id=113, 390.45876pt x 269.005pt>
File: ./images/vehinjuries.png Graphic file (type png)
<use ./images/vehinjuries.png>
Package pdftex.def Info: ./images/vehinjuries.png  used on input line 126.
(pdftex.def)             Requested size: 156.18073pt x 107.60008pt.
<./images/pedperson.png, id=114, 390.45876pt x 269.005pt>
File: ./images/pedperson.png Graphic file (type png)
<use ./images/pedperson.png>
Package pdftex.def Info: ./images/pedperson.png  used on input line 132.
(pdftex.def)             Requested size: 156.18073pt x 107.60008pt.
<./images/heat1.png, id=115, 452.69125pt x 342.27875pt>
File: ./images/heat1.png Graphic file (type png)
<use ./images/heat1.png>
Package pdftex.def Info: ./images/heat1.png  used on input line 140.
(pdftex.def)             Requested size: 294.24582pt x 222.47853pt.
 [5pdfTeX warning (ext4): destination with the same identifier (name{figure.5})
 has been already used, duplicate ignored

\AtBegShi@Output ...ipout \box \AtBeginShipoutBox 
                                                  \fi \fi 
l.143 
      pdfTeX warning (ext4): destination with the same identifier (name{figure.
6}) has been already used, duplicate ignored

\AtBegShi@Output ...ipout \box \AtBeginShipoutBox 
                                                  \fi \fi 
l.143 
      pdfTeX warning (ext4): destination with the same identifier (name{figure.
7}) has been already used, duplicate ignored

\AtBegShi@Output ...ipout \box \AtBeginShipoutBox 
                                                  \fi \fi 
l.143 
       <./images/vehperson.png> <./images/vehinjuries.png> <./images/pedperson.
png>]
<./images/heat2.png, id=126, 494.84875pt x 377.41pt>
File: ./images/heat2.png Graphic file (type png)
<use ./images/heat2.png>
Package pdftex.def Info: ./images/heat2.png  used on input line 146.
(pdftex.def)             Requested size: 321.64787pt x 245.31358pt.
 [6pdfTeX warning (ext4): destination with the same identifier (name{figure.8})
 has been already used, duplicate ignored

\AtBegShi@Output ...ipout \box \AtBeginShipoutBox 
                                                  \fi \fi 
l.155 
      pdfTeX warning (ext4): destination with the same identifier (name{figure.
9}) has been already used, duplicate ignored

\AtBegShi@Output ...ipout \box \AtBeginShipoutBox 
                                                  \fi \fi 
l.155 
       <./images/heat1.png> <./images/heat2.png>]
<./images/finalfields.jpg, id=135, 274.77657pt x 283.81032pt>
File: ./images/finalfields.jpg Graphic file (type jpg)
<use ./images/finalfields.jpg>
Package pdftex.def Info: ./images/finalfields.jpg  used on input line 158.
(pdftex.def)             Requested size: 178.60263pt x 184.47452pt.
<./images/blanks1.png, id=136, 389.455pt x 342.27875pt>
File: ./images/blanks1.png Graphic file (type png)
<use ./images/blanks1.png>
Package pdftex.def Info: ./images/blanks1.png  used on input line 163.
(pdftex.def)             Requested size: 233.67479pt x 205.36882pt.
<./images/blanks2.png, id=137, 412.54124pt x 342.27875pt>
File: ./images/blanks2.png Graphic file (type png)
<use ./images/blanks2.png>
Package pdftex.def Info: ./images/blanks2.png  used on input line 169.
(pdftex.def)             Requested size: 247.52666pt x 205.36882pt.
 [7pdfTeX warning (ext4): destination with the same identifier (name{figure.10}
) has been already used, duplicate ignored

\AtBegShi@Output ...ipout \box \AtBeginShipoutBox 
                                                  \fi \fi 
l.172 
       <./images/finalfields.jpg> <./images/blanks1.png>]
<./images/dtcreport.jpg, id=145, 325.96782pt x 136.25906pt>
File: ./images/dtcreport.jpg Graphic file (type jpg)
<use ./images/dtcreport.jpg>
Package pdftex.def Info: ./images/dtcreport.jpg  used on input line 187.
(pdftex.def)             Requested size: 260.7746pt x 109.00739pt.


LaTeX Warning: `h' float specifier changed to `ht'.

[8pdfTeX warning (ext4): destination with the same identifier (name{figure.11})
 has been already used, duplicate ignored

\AtBegShi@Output ...ipout \box \AtBeginShipoutBox 
                                                  \fi \fi 
l.194 
       <./images/blanks2.png>]
<./images/rfcreport.jpg, id=155, 322.20375pt x 134.00063pt>
File: ./images/rfcreport.jpg Graphic file (type jpg)
<use ./images/rfcreport.jpg>
Package pdftex.def Info: ./images/rfcreport.jpg  used on input line 199.
(pdftex.def)             Requested size: 257.76334pt x 107.20062pt.
 [9pdfTeX warning (ext4): destination with the same identifier (name{figure.12}
) has been already used, duplicate ignored

\AtBegShi@Output ...ipout \box \AtBeginShipoutBox 
                                                  \fi \fi 
l.206 
      pdfTeX warning (ext4): destination with the same identifier (name{figure.
13}) has been already used, duplicate ignored

\AtBegShi@Output ...ipout \box \AtBeginShipoutBox 
                                                  \fi \fi 
l.206 
       <./images/dtcreport.jpg> <./images/rfcreport.jpg>]
<./images/logregreport.jpg, id=163, 322.20375pt x 135.50626pt>
File: ./images/logregreport.jpg Graphic file (type jpg)
<use ./images/logregreport.jpg>
Package pdftex.def Info: ./images/logregreport.jpg  used on input line 209.
(pdftex.def)             Requested size: 257.76334pt x 108.40514pt.
<./images/lossevo.png, id=164, 401.5pt x 285.065pt>
File: ./images/lossevo.png Graphic file (type png)
<use ./images/lossevo.png>
Package pdftex.def Info: ./images/lossevo.png  used on input line 219.
(pdftex.def)             Requested size: 301.12425pt x 213.79822pt.
<./images/accevo.png, id=165, 401.5pt x 285.065pt>
File: ./images/accevo.png Graphic file (type png)
<use ./images/accevo.png>
Package pdftex.def Info: ./images/accevo.png  used on input line 225.
(pdftex.def)             Requested size: 301.12425pt x 213.79822pt.
 [10pdfTeX warning (ext4): destination with the same identifier (name{figure.14
}) has been already used, duplicate ignored

\AtBegShi@Output ...ipout \box \AtBeginShipoutBox 
                                                  \fi \fi 
l.228 
      pdfTeX warning (ext4): destination with the same identifier (name{figure.
15}) has been already used, duplicate ignored

\AtBegShi@Output ...ipout \box \AtBeginShipoutBox 
                                                  \fi \fi 
l.228 
       <./images/logregreport.jpg> <./images/lossevo.png>]
<./images/nnreport.jpg, id=174, 316.18124pt x 127.97812pt>
File: ./images/nnreport.jpg Graphic file (type jpg)
<use ./images/nnreport.jpg>
Package pdftex.def Info: ./images/nnreport.jpg  used on input line 231.
(pdftex.def)             Requested size: 252.94533pt x 102.38261pt.
<./images/modelcomp.png, id=175, 377.41pt x 251.94125pt>
File: ./images/modelcomp.png Graphic file (type png)
<use ./images/modelcomp.png>
Package pdftex.def Info: ./images/modelcomp.png  used on input line 241.
(pdftex.def)             Requested size: 301.9284pt x 201.55327pt.


LaTeX Warning: `h' float specifier changed to `ht'.

[11pdfTeX warning (ext4): destination with the same identifier (name{figure.16}
) has been already used, duplicate ignored

\AtBegShi@Output ...ipout \box \AtBeginShipoutBox 
                                                  \fi \fi 
l.250 
      pdfTeX warning (ext4): destination with the same identifier (name{figure.
17}) has been already used, duplicate ignored

\AtBegShi@Output ...ipout \box \AtBeginShipoutBox 
                                                  \fi \fi 
l.250 
       <./images/accevo.png> <./images/nnreport.jpg>]
Package atveryend Info: Empty hook `BeforeClearDocument' on input line 255.
 [12pdfTeX warning (ext4): destination with the same identifier (name{figure.18
}) has been already used, duplicate ignored

\AtBegShi@Output ...ipout \box \AtBeginShipoutBox 
                                                  \fi \fi 
l.255 \end{document}
                     <./images/modelcomp.png>]
Package atveryend Info: Empty hook `AfterLastShipout' on input line 255.
 (./CapstoneReport.aux)
Package atveryend Info: Executing hook `AtVeryEndDocument' on input line 255.
Package atveryend Info: Executing hook `AtEndAfterFileList' on input line 255.
Package rerunfilecheck Info: File `CapstoneReport.out' has not changed.
(rerunfilecheck)             Checksum: 693C310F60AB4750215134C988168E87;1006.
Package atveryend Info: Empty hook `AtVeryVeryEnd' on input line 255.
 ) 
Here is how much of TeX's memory you used:
 5416 strings out of 480471
 83811 string characters out of 5903300
 348771 words of memory out of 5000000
 21303 multiletter control sequences out of 15000+600000
 536939 words of font info for 39 fonts, out of 8000000 for 9000
 1141 hyphenation exceptions out of 8191
 37i,8n,29p,707b,315s stack positions out of 5000i,500n,10000p,200000b,80000s
<c:/texlive/2020/texmf-dist/fonts/type1/public/amsfonts/cm/cmbx10.pfb><c:/tex
live/2020/texmf-dist/fonts/type1/public/amsfonts/cm/cmbx12.pfb><c:/texlive/2020
/texmf-dist/fonts/type1/public/amsfonts/cm/cmr10.pfb><c:/texlive/2020/texmf-dis
t/fonts/type1/public/amsfonts/cm/cmr12.pfb><c:/texlive/2020/texmf-dist/fonts/ty
pe1/public/amsfonts/cm/cmr17.pfb><c:/texlive/2020/texmf-dist/fonts/type1/public
/amsfonts/cm/cmr6.pfb><c:/texlive/2020/texmf-dist/fonts/type1/public/amsfonts/c
m/cmr7.pfb><c:/texlive/2020/texmf-dist/fonts/type1/public/amsfonts/cm/cmr8.pfb>
<c:/texlive/2020/texmf-dist/fonts/type1/public/amsfonts/cm/cmti10.pfb>
Output written on CapstoneReport.pdf (12 pages, 459400 bytes).
PDF statistics:
 233 PDF objects out of 1000 (max. 8388607)
 175 compressed objects within 2 object streams
 51 named destinations out of 1000 (max. 500000)
 224 words of extra memory for PDF output out of 10000 (max. 10000000)

